[2026-05-31 23:14:39,508] 21 root - INFO - Data ingestion started
[2026-05-31 23:14:39,508] 24 root - INFO - Entered the data ingestion method or component
[2026-05-31 23:14:39,541] 27 root - INFO - Read the dataset as dataframe
[2026-05-31 23:14:39,602] 34 root - INFO - Train test split initiated
[2026-05-31 23:14:39,675] 39 root - INFO - Ingestion of the data is completed
[2026-05-31 23:14:39,675] 23 root - INFO - Data ingestion completed
[2026-05-31 23:14:39,675] 26 root - INFO - Data transformation started
[2026-05-31 23:14:39,730] 82 root - INFO - Read train and test data completed
[2026-05-31 23:14:39,730] 84 root - INFO - Obtaining preprocessor object
[2026-05-31 23:14:39,730] 56 root - INFO - Categorical columns:['Gender']
[2026-05-31 23:14:39,730] 57 root - INFO - Numerical columns:['Age', 'Height', 'Duration', 'Heart_Rate', 'Body_Temp']
[2026-05-31 23:14:39,732] 102 root - INFO - Applying the preprocessing object on training dataframe and testing dataframe
[2026-05-31 23:14:39,836] 123 root - INFO - Saved preprocessing object
[2026-05-31 23:14:39,852] 30 root - INFO - Data transformation completed
[2026-05-31 23:14:39,852] 32 root - INFO - Model training started
[2026-05-31 23:14:39,852] 29 root - INFO - Split training and test input data
[2026-05-31 23:14:39,852] 62 root - INFO - Training model and finding model which will best fit
[2026-05-31 23:14:49,329] 83 root - INFO - Model training completed
[2026-05-31 23:14:49,351] 84 root - INFO - Best found model on training and test dataset RandomForestRegressor(max_depth=8, max_features='sqrt', min_samples_leaf=2,
                      min_samples_split=5, n_estimators=50, n_jobs=1,
                      random_state=42)
[2026-05-31 23:14:49,371] 91 root - INFO - model pickle file saved
[2026-05-31 23:14:49,399] 35 root - INFO - Model training completed: 0.9895129589680186
